\BOOKMARK [1][-]{section.1}{\376\377\000I\000n\000s\000t\000a\000l\000l\000a\000t\000i\000o\000n}{}% 1
\BOOKMARK [1][-]{section.2}{\376\377\000T\000a\000u\000o\000l\000a\000\040\000S\000u\000b\000r\000o\000u\000t\000i\000n\000e\000s}{}% 2
\BOOKMARK [2][-]{subsection.2.1}{\376\377\000J\000A\000K\000E\000R}{section.2}% 3
\BOOKMARK [3][-]{subsubsection.2.1.1}{\376\377\000g\000l\000o\000b\000a\000l\000\040\000v\000a\000r\000i\000a\000b\000l\000e\000s}{subsection.2.1}% 4
\BOOKMARK [3][-]{subsubsection.2.1.2}{\376\377\000l\000o\000c\000a\000l\000\040\000v\000a\000r\000i\000a\000b\000l\000e\000s}{subsection.2.1}% 5
\BOOKMARK [2][-]{subsection.2.2}{\376\377\000D\000E\000K\000A\000Y}{section.2}% 6
\BOOKMARK [3][-]{subsubsection.2.2.1}{\376\377\000g\000l\000o\000b\000a\000l\000\040\000v\000a\000r\000i\000a\000b\000l\000e\000s}{subsection.2.2}% 7
\BOOKMARK [3][-]{subsubsection.2.2.2}{\376\377\000l\000o\000c\000a\000l\000\040\000v\000a\000r\000i\000a\000b\000l\000e\000s}{subsection.2.2}% 8
\BOOKMARK [3][-]{subsubsection.2.2.3}{\376\377\000C\000o\000n\000s\000t\000a\000n\000t\000s}{subsection.2.2}% 9
\BOOKMARK [2][-]{subsection.2.3}{\376\377\000D\000A\000D\000N\000E\000W}{section.2}% 10
\BOOKMARK [3][-]{subsubsection.2.3.1}{\376\377\000g\000l\000o\000b\000a\000l\000\040\000v\000a\000r\000i\000a\000b\000l\000e\000s}{subsection.2.3}% 11
\BOOKMARK [3][-]{subsubsection.2.3.2}{\376\377\000l\000o\000c\000a\000l\000\040\000v\000a\000r\000i\000a\000b\000l\000e\000s}{subsection.2.3}% 12
\BOOKMARK [3][-]{subsubsection.2.3.3}{\376\377\000D\000P\000H\0001\000P\000I}{subsection.2.3}% 13
\BOOKMARK [2][-]{subsection.2.4}{\376\377\000D\000A\000M\0001\000P\000I}{section.2}% 14
\BOOKMARK [2][-]{subsection.2.5}{\376\377\000D\000P\000H\0004\000P\000I}{section.2}% 15
\BOOKMARK [3][-]{subsubsection.2.5.1}{\376\377\0004\000-\000P\000i\000o\000n\000\040\000S\000y\000s\000t\000e\000m\000\040\000M\000a\000s\000s\000\040\000\050\000A\000M\0004\000\051}{subsection.2.5}% 16
\BOOKMARK [3][-]{subsubsection.2.5.2}{\376\377\0003\000-\000P\000i\000o\000n\000\040\000S\000y\000s\000t\000e\000m\000\040\000M\000a\000s\000s\000\040\000\050\000A\000M\0003\000\051}{subsection.2.5}% 17
\BOOKMARK [3][-]{subsubsection.2.5.3}{\376\377\0002\000-\000P\000i\000o\000n\000\040\000S\000y\000s\000t\000e\000m\000\040\000M\000a\000s\000s\000\040\000\050\000A\000M\0002\000\051}{subsection.2.5}% 18
\BOOKMARK [3][-]{subsubsection.2.5.4}{\376\377\000F\000i\000n\000a\000l\000\040\0002\000-\000P\000i\000o\000n\000\040\000K\000i\000n\000e\000m\000a\000t\000i\000c\000s\000\040\000i\000n\000\040\000t\000h\000e\000\040\000R\000e\000s\000t\000\040\000F\000r\000a\000m\000e}{subsection.2.5}% 19
\BOOKMARK [3][-]{subsubsection.2.5.5}{\376\377\000F\000i\000n\000d\000i\000n\000g\000\040\000t\000h\000e\000\040\0004\000-\000m\000o\000m\000e\000n\000t\000u\000m\000\040\000o\000f\000\040\000t\000h\000e\000\040\000i\000n\000t\000e\000r\000m\000e\000d\000i\000a\000t\000e\000\040\000p\000a\000r\000t\000i\000c\000l\000e}{subsection.2.5}% 20
\BOOKMARK [3][-]{subsubsection.2.5.6}{\376\377\000B\000o\000o\000s\000t\000i\000n\000g}{subsection.2.5}% 21
\BOOKMARK [3][-]{subsubsection.2.5.7}{\376\377\000F\000l\000a\000t\000\040\000P\000h\000a\000s\000e\000\040\000S\000p\000a\000c\000e\000\040\000C\000h\000a\000n\000n\000e\000l}{subsection.2.5}% 22
\BOOKMARK [3][-]{subsubsection.2.5.8}{\376\377\000B\000r\000e\000i\000t\000\040\000W\000i\000g\000n\000e\000r\000\040\000P\000h\000a\000s\000e\000\040\000S\000p\000a\000c\000e\000\040\000C\000h\000a\000n\000n\000e\000l}{subsection.2.5}% 23
\BOOKMARK [3][-]{subsubsection.2.5.9}{\376\377\000S\000e\000c\000o\000n\000d\000\040\000C\000h\000a\000n\000n\000e\000l\000\040\000W\000i\000t\000h\000\040\000B\000r\000e\000i\000t\000\040\000W\000i\000g\000n\000e\000r}{subsection.2.5}% 24
\BOOKMARK [2][-]{subsection.2.6}{\376\377\000D\000E\000X\000E\000L}{section.2}% 25
\BOOKMARK [2][-]{subsection.2.7}{\376\377\000D\000R\000C\000M\000U}{section.2}% 26
\BOOKMARK [3][-]{subsubsection.2.7.1}{\376\377\000D\000e\000t\000e\000r\000m\000i\000n\000e\000\040\000i\000f\000\040\000p\000h\000o\000t\000o\000n\000\040\000e\000m\000i\000s\000s\000i\000o\000n\000\040\000i\000s\000\040\000i\000n\000c\000l\000u\000d\000e\000d}{subsection.2.7}% 27
\BOOKMARK [3][-]{subsubsection.2.7.2}{\376\377\000N\000e\000u\000t\000r\000i\000n\000o\000\040\000S\000y\000s\000t\000e\000m}{subsection.2.7}% 28
\BOOKMARK [3][-]{subsubsection.2.7.3}{\376\377\000G\000e\000n\000e\000r\000a\000t\000e\000\040\000\040\000a\000n\000d\000\040\000e\000\040\000m\000o\000m\000e\000n\000t\000a\000\040\000i\000n\000\040\000r\000a\000n\000d\000o\000m\000\040\000d\000i\000r\000e\000c\000t\000i\000o\000n}{subsection.2.7}% 29
\BOOKMARK [2][-]{subsection.2.8}{\376\377\000D\000A\000M\0004\000P\000I}{section.2}% 30
\BOOKMARK [3][-]{subsubsection.2.8.1}{\376\377\000H\000a\000d\000r\000o\000n\000i\000c\000\040\000C\000u\000r\000r\000e\000n\000t\000\040\000\040\000J\000\040\000i\000n\000\040\000T\000a\000u\000\040\000D\000e\000c\000a\000y}{subsection.2.8}% 31
\BOOKMARK [3][-]{subsubsection.2.8.2}{\376\377\000R\000e\000s\000o\000n\000a\000n\000c\000e\000\040\000C\000o\000n\000t\000r\000i\000b\000u\000t\000i\000o\000n\000s\000\040\000a\000n\000d\000\040\000B\000r\000e\000i\000t\000-\000W\000i\000g\000n\000e\000r\000\040\000P\000r\000o\000p\000a\000g\000a\000t\000o\000r\000s}{subsection.2.8}% 32
\BOOKMARK [3][-]{subsubsection.2.8.3}{\376\377\000R\000e\000s\000o\000n\000a\000n\000c\000e\000\040\000C\000o\000n\000t\000r\000i\000b\000u\000t\000i\000o\000n\000s}{subsection.2.8}% 33
\BOOKMARK [3][-]{subsubsection.2.8.4}{\376\377\000K\000i\000n\000e\000m\000a\000t\000i\000c\000\040\000I\000n\000v\000a\000r\000i\000a\000n\000t\000s\000\040\000a\000n\000d\000\040\000S\000c\000a\000l\000a\000r\000\040\000P\000r\000o\000d\000u\000c\000t\000s}{subsection.2.8}% 34
\BOOKMARK [3][-]{subsubsection.2.8.5}{\376\377\000S\000t\000r\000u\000c\000t\000u\000r\000e\000\040\000o\000f\000\040\000t\000h\000e\000\040\000H\000a\000d\000r\000o\000n\000i\000c\000\040\000C\000u\000r\000r\000e\000n\000t}{subsection.2.8}% 35
\BOOKMARK [3][-]{subsubsection.2.8.6}{\376\377\000F\000i\000n\000a\000l\000\040\000H\000a\000d\000r\000o\000n\000i\000c\000\040\000C\000u\000r\000r\000e\000n\000t\000\040\000a\000n\000d\000\040\000A\000m\000p\000l\000i\000t\000u\000d\000e}{subsection.2.8}% 36
\BOOKMARK [3][-]{subsubsection.2.8.7}{\376\377\000C\000U\000R\000R\000\137\000K\000A\000R\000L\000S}{subsection.2.8}% 37
\BOOKMARK [3][-]{subsubsection.2.8.8}{\376\377\000F\000o\000u\000r\000-\000M\000o\000m\000e\000n\000t\000u\000m\000\040\000A\000s\000s\000i\000g\000n\000m\000e\000n\000t}{subsection.2.8}% 38
\BOOKMARK [3][-]{subsubsection.2.8.9}{\376\377\000I\000n\000v\000a\000r\000i\000a\000n\000t\000\040\000M\000a\000s\000s\000\040\000S\000q\000u\000a\000r\000e\000d\000\040\000C\000a\000l\000c\000u\000l\000a\000t\000i\000o\000n}{subsection.2.8}% 39
\BOOKMARK [3][-]{subsubsection.2.8.10}{\376\377\000H\000a\000d\000r\000o\000n\000i\000c\000\040\000C\000u\000r\000r\000e\000n\000t\000\040\000C\000a\000l\000c\000u\000l\000a\000t\000i\000o\000n}{subsection.2.8}% 40
\BOOKMARK [3][-]{subsubsection.2.8.11}{\376\377\000F\000i\000n\000a\000l\000\040\000H\000a\000d\000r\000o\000n\000i\000c\000\040\000C\000u\000r\000r\000e\000n\000t\000\040\000O\000u\000t\000p\000u\000t}{subsection.2.8}% 41
\BOOKMARK [3][-]{subsubsection.2.8.12}{\376\377\000C\000U\000R\000R\000\137\000B\000I\000N\000P}{subsection.2.8}% 42
\BOOKMARK [1][-]{section.3}{\376\377\000I\000n\000t\000r\000o\000d\000u\000c\000t\000i\000o\000n}{}% 43
\BOOKMARK [1][-]{section.4}{\376\377\000M\000a\000t\000r\000i\000x\000\040\000E\000l\000e\000m\000e\000n\000t\000\040\000f\000o\000r\000\040\000\040\000a\0001}{}% 44
\BOOKMARK [1][-]{section.5}{\376\377\000M\000a\000t\000r\000i\000x\000\040\000E\000l\000e\000m\000e\000n\000t\000\040\000f\000o\000r\000\040\000a\0001\000\040}{}% 45
\BOOKMARK [1][-]{section.6}{\376\377\000M\000a\000t\000r\000i\000x\000\040\000E\000l\000e\000m\000e\000n\000t\000\040\000f\000o\000r\000\040}{}% 46
\BOOKMARK [1][-]{section.7}{\376\377\000H\000e\000l\000i\000c\000i\000t\000y\000\040\000C\000o\000n\000s\000i\000d\000e\000r\000a\000t\000i\000o\000n\000s}{}% 47
\BOOKMARK [1][-]{section.8}{\376\377\000C\000o\000n\000c\000l\000u\000s\000i\000o\000n}{}% 48
\BOOKMARK [2][-]{subsubsection.8.0.1}{\376\377\000F\000o\000u\000r\000-\000M\000o\000m\000e\000n\000t\000u\000m\000\040\000D\000e\000f\000i\000n\000i\000t\000i\000o\000n}{section.8}% 49
\BOOKMARK [3][-]{subsubsection.8.0.2}{\376\377\000S\000o\000m\000e\000\040\000i\000n\000i\000t\000i\000a\000l\000i\000z\000a\000t\000i\000o\000n}{subsubsection.8.0.1}% 50
\BOOKMARK [3][-]{subsubsection.8.0.3}{\376\377\000L\000A\000T\000A}{subsubsection.8.0.1}% 51
\BOOKMARK [3][-]{subsubsection.8.0.4}{\376\377\000T\0001}{subsubsection.8.0.1}% 52
\BOOKMARK [3][-]{subsubsection.8.0.5}{\376\377\000z\000\137\000d\000r\000h\000o\000\050\000p\0001\000,\000\040\000p\0002\000\051}{subsubsection.8.0.1}% 53
\BOOKMARK [3][-]{subsubsection.8.0.6}{\376\377\000C\000o\000m\000p\000u\000t\000a\000t\000i\000o\000n\000\040\000o\000f\000\040\000t\000h\000e\000\040\000M\000a\000n\000d\000e\000l\000s\000t\000a\000m\000\040\000V\000a\000r\000i\000a\000b\000l\000e\000\040\000\040\000s\000\040}{subsubsection.8.0.1}% 54
\BOOKMARK [3][-]{subsubsection.8.0.7}{\376\377\000P\000h\000a\000s\000e\000\040\000S\000p\000a\000c\000e\000\040\000F\000a\000c\000t\000o\000r\000\040\000\040\000g\000\050\000s\000\051\000\040}{subsubsection.8.0.1}% 55
\BOOKMARK [3][-]{subsubsection.8.0.8}{\376\377\000D\000y\000n\000a\000m\000i\000c\000a\000l\000\040\000W\000i\000d\000t\000h\000\040\000C\000o\000n\000t\000r\000i\000b\000u\000t\000i\000o\000n\000\040\000\040\000\050\000s\000\051\000\040}{subsubsection.8.0.1}% 56
\BOOKMARK [3][-]{subsubsection.8.0.9}{\376\377\000P\000r\000o\000p\000a\000g\000a\000t\000o\000r\000\040\000C\000a\000l\000c\000u\000l\000a\000t\000i\000o\000n}{subsubsection.8.0.1}% 57
\BOOKMARK [3][-]{subsubsection.8.0.10}{\376\377\000H\000a\000d\000r\000o\000n\000i\000c\000\040\000C\000u\000r\000r\000e\000n\000t\000\040\000C\000a\000l\000c\000u\000l\000a\000t\000i\000o\000n}{subsubsection.8.0.1}% 58
\BOOKMARK [3][-]{subsubsection.8.0.11}{\376\377\000C\000U\000R\000R\000\137\000C\000L\000E\000O}{subsubsection.8.0.1}% 59
\BOOKMARK [3][-]{subsubsection.8.0.12}{\376\377\000H\000a\000d\000r\000o\000n\000i\000c\000\040\000C\000u\000r\000r\000e\000n\000t}{subsubsection.8.0.1}% 60
\BOOKMARK [3][-]{subsubsection.8.0.13}{\376\377\000B\000r\000e\000i\000t\000-\000W\000i\000g\000n\000e\000r\000\040\000P\000r\000o\000p\000a\000g\000a\000t\000o\000r\000s}{subsubsection.8.0.1}% 61
\BOOKMARK [3][-]{subsubsection.8.0.14}{\376\377\000C\000u\000r\000r\000e\000n\000t\000\040\000C\000o\000n\000t\000r\000i\000b\000u\000t\000i\000o\000n\000s\000\040\000f\000r\000o\000m\000\040\000R\000e\000s\000o\000n\000a\000n\000c\000e\000s}{subsubsection.8.0.1}% 62
\BOOKMARK [3][-]{subsubsection.8.0.15}{\376\377\000C\000o\000m\000p\000u\000t\000i\000n\000g\000\040\000t\000h\000e\000\040\000M\000a\000t\000r\000i\000x\000\040\000E\000l\000e\000m\000e\000n\000t}{subsubsection.8.0.1}% 63
\BOOKMARK [3][-]{subsubsection.8.0.16}{\376\377\000C\000o\000m\000p\000u\000t\000i\000n\000g\000\040\000t\000h\000e\000\040\000P\000o\000l\000a\000r\000i\000m\000e\000t\000e\000r\000\040\000V\000e\000c\000t\000o\000r}{subsubsection.8.0.1}% 64
